<?xml version="1.0" encoding="UTF-8"?>
<testsuite xmlns:xsi="http://www.w3.org/2001/XMLSchema-instance" xsi:noNamespaceSchemaLocation="https://maven.apache.org/surefire/maven-surefire-plugin/xsd/surefire-test-report.xsd" name="com.pestroutes.cucumber.test.Testrunner" time="10.35" tests="1" errors="0" skipped="0" failures="0">
  <properties>
    <property name="java.specification.version" value="15"/>
    <property name="sun.jnu.encoding" value="UTF-8"/>
    <property name="java.class.path" value="/Users/prasanthi/eclipse-workspace/Pestroutes-test/target/test-classes:/Users/prasanthi/eclipse-workspace/Pestroutes-test/target/classes:/Users/prasanthi/.m2/repository/junit/junit/4.11/junit-4.11.jar:/Users/prasanthi/.m2/repository/org/hamcrest/hamcrest-core/1.3/hamcrest-core-1.3.jar:/Users/prasanthi/.m2/repository/org/seleniumhq/selenium/selenium-java/2.47.1/selenium-java-2.47.1.jar:/Users/prasanthi/.m2/repository/org/seleniumhq/selenium/selenium-chrome-driver/2.47.1/selenium-chrome-driver-2.47.1.jar:/Users/prasanthi/.m2/repository/org/seleniumhq/selenium/selenium-remote-driver/2.47.1/selenium-remote-driver-2.47.1.jar:/Users/prasanthi/.m2/repository/cglib/cglib-nodep/2.1_3/cglib-nodep-2.1_3.jar:/Users/prasanthi/.m2/repository/com/google/code/gson/gson/2.3.1/gson-2.3.1.jar:/Users/prasanthi/.m2/repository/org/seleniumhq/selenium/selenium-api/2.47.1/selenium-api-2.47.1.jar:/Users/prasanthi/.m2/repository/com/google/guava/guava/18.0/guava-18.0.jar:/Users/prasanthi/.m2/repository/org/seleniumhq/selenium/selenium-edge-driver/2.47.1/selenium-edge-driver-2.47.1.jar:/Users/prasanthi/.m2/repository/commons-io/commons-io/2.4/commons-io-2.4.jar:/Users/prasanthi/.m2/repository/org/apache/commons/commons-exec/1.3/commons-exec-1.3.jar:/Users/prasanthi/.m2/repository/org/seleniumhq/selenium/selenium-htmlunit-driver/2.47.1/selenium-htmlunit-driver-2.47.1.jar:/Users/prasanthi/.m2/repository/net/sourceforge/htmlunit/htmlunit/2.17/htmlunit-2.17.jar:/Users/prasanthi/.m2/repository/xalan/xalan/2.7.2/xalan-2.7.2.jar:/Users/prasanthi/.m2/repository/xalan/serializer/2.7.2/serializer-2.7.2.jar:/Users/prasanthi/.m2/repository/commons-collections/commons-collections/3.2.1/commons-collections-3.2.1.jar:/Users/prasanthi/.m2/repository/org/apache/commons/commons-lang3/3.4/commons-lang3-3.4.jar:/Users/prasanthi/.m2/repository/org/apache/httpcomponents/httpmime/4.4.1/httpmime-4.4.1.jar:/Users/prasanthi/.m2/repository/commons-codec/commons-codec/1.10/commons-codec-1.10.jar:/Users/prasanthi/.m2/repository/net/sourceforge/htmlunit/htmlunit-core-js/2.17/htmlunit-core-js-2.17.jar:/Users/prasanthi/.m2/repository/xerces/xercesImpl/2.11.0/xercesImpl-2.11.0.jar:/Users/prasanthi/.m2/repository/xml-apis/xml-apis/1.4.01/xml-apis-1.4.01.jar:/Users/prasanthi/.m2/repository/net/sourceforge/nekohtml/nekohtml/1.9.22/nekohtml-1.9.22.jar:/Users/prasanthi/.m2/repository/net/sourceforge/cssparser/cssparser/0.9.16/cssparser-0.9.16.jar:/Users/prasanthi/.m2/repository/org/w3c/css/sac/1.3/sac-1.3.jar:/Users/prasanthi/.m2/repository/commons-logging/commons-logging/1.2/commons-logging-1.2.jar:/Users/prasanthi/.m2/repository/org/eclipse/jetty/websocket/websocket-client/9.2.11.v20150529/websocket-client-9.2.11.v20150529.jar:/Users/prasanthi/.m2/repository/org/eclipse/jetty/jetty-util/9.2.11.v20150529/jetty-util-9.2.11.v20150529.jar:/Users/prasanthi/.m2/repository/org/eclipse/jetty/jetty-io/9.2.11.v20150529/jetty-io-9.2.11.v20150529.jar:/Users/prasanthi/.m2/repository/org/eclipse/jetty/websocket/websocket-common/9.2.11.v20150529/websocket-common-9.2.11.v20150529.jar:/Users/prasanthi/.m2/repository/org/eclipse/jetty/websocket/websocket-api/9.2.11.v20150529/websocket-api-9.2.11.v20150529.jar:/Users/prasanthi/.m2/repository/org/apache/httpcomponents/httpclient/4.4.1/httpclient-4.4.1.jar:/Users/prasanthi/.m2/repository/org/apache/httpcomponents/httpcore/4.4.1/httpcore-4.4.1.jar:/Users/prasanthi/.m2/repository/org/seleniumhq/selenium/selenium-firefox-driver/2.47.1/selenium-firefox-driver-2.47.1.jar:/Users/prasanthi/.m2/repository/org/seleniumhq/selenium/selenium-ie-driver/2.47.1/selenium-ie-driver-2.47.1.jar:/Users/prasanthi/.m2/repository/net/java/dev/jna/jna/4.1.0/jna-4.1.0.jar:/Users/prasanthi/.m2/repository/net/java/dev/jna/jna-platform/4.1.0/jna-platform-4.1.0.jar:/Users/prasanthi/.m2/repository/org/seleniumhq/selenium/selenium-safari-driver/2.47.1/selenium-safari-driver-2.47.1.jar:/Users/prasanthi/.m2/repository/org/seleniumhq/selenium/selenium-support/2.47.1/selenium-support-2.47.1.jar:/Users/prasanthi/.m2/repository/org/webbitserver/webbit/0.4.14/webbit-0.4.14.jar:/Users/prasanthi/.m2/repository/io/netty/netty/3.5.2.Final/netty-3.5.2.Final.jar:/Users/prasanthi/.m2/repository/org/seleniumhq/selenium/selenium-leg-rc/2.47.1/selenium-leg-rc-2.47.1.jar:/Users/prasanthi/.m2/repository/io/cucumber/cucumber-java/6.8.1/cucumber-java-6.8.1.jar:/Users/prasanthi/.m2/repository/io/cucumber/cucumber-core/6.8.1/cucumber-core-6.8.1.jar:/Users/prasanthi/.m2/repository/io/cucumber/cucumber-gherkin/6.8.1/cucumber-gherkin-6.8.1.jar:/Users/prasanthi/.m2/repository/io/cucumber/cucumber-gherkin-messages/6.8.1/cucumber-gherkin-messages-6.8.1.jar:/Users/prasanthi/.m2/repository/io/cucumber/messages/13.1.0/messages-13.1.0.jar:/Users/prasanthi/.m2/repository/io/cucumber/tag-expressions/3.0.0/tag-expressions-3.0.0.jar:/Users/prasanthi/.m2/repository/io/cucumber/cucumber-expressions/10.3.0/cucumber-expressions-10.3.0.jar:/Users/prasanthi/.m2/repository/io/cucumber/datatable/3.5.0/datatable-3.5.0.jar:/Users/prasanthi/.m2/repository/io/cucumber/cucumber-plugin/6.8.1/cucumber-plugin-6.8.1.jar:/Users/prasanthi/.m2/repository/io/cucumber/docstring/6.8.1/docstring-6.8.1.jar:/Users/prasanthi/.m2/repository/io/cucumber/html-formatter/9.0.0/html-formatter-9.0.0.jar:/Users/prasanthi/.m2/repository/io/cucumber/create-meta/2.0.2/create-meta-2.0.2.jar:/Users/prasanthi/.m2/repository/org/apiguardian/apiguardian-api/1.1.0/apiguardian-api-1.1.0.jar:/Users/prasanthi/.m2/repository/info/cukes/cucumber-jvm-deps/1.0.5/cucumber-jvm-deps-1.0.5.jar:/Users/prasanthi/.m2/repository/io/cucumber/cucumber-junit/6.8.1/cucumber-junit-6.8.1.jar:"/>
    <property name="java.vm.vendor" value="Oracle Corporation"/>
    <property name="sun.arch.data.model" value="64"/>
    <property name="java.vendor.url" value="https://java.oracle.com/"/>
    <property name="os.name" value="Mac OS X"/>
    <property name="java.vm.specification.version" value="15"/>
    <property name="sun.java.launcher" value="SUN_STANDARD"/>
    <property name="user.country" value="IN"/>
    <property name="sun.boot.library.path" value="/Library/Java/JavaVirtualMachines/jdk-15.0.1.jdk/Contents/Home/lib"/>
    <property name="sun.java.command" value="/Users/prasanthi/eclipse-workspace/Pestroutes-test/target/surefire/surefirebooter5916700177728219250.jar /Users/prasanthi/eclipse-workspace/Pestroutes-test/target/surefire 2020-11-01T00-22-15_094-jvmRun1 surefire4737728388157134951tmp surefire_012906992756200837873tmp"/>
    <property name="http.nonProxyHosts" value="local|*.local|169.254/16|*.169.254/16"/>
    <property name="jdk.debug" value="release"/>
    <property name="surefire.test.class.path" value="/Users/prasanthi/eclipse-workspace/Pestroutes-test/target/test-classes:/Users/prasanthi/eclipse-workspace/Pestroutes-test/target/classes:/Users/prasanthi/.m2/repository/junit/junit/4.11/junit-4.11.jar:/Users/prasanthi/.m2/repository/org/hamcrest/hamcrest-core/1.3/hamcrest-core-1.3.jar:/Users/prasanthi/.m2/repository/org/seleniumhq/selenium/selenium-java/2.47.1/selenium-java-2.47.1.jar:/Users/prasanthi/.m2/repository/org/seleniumhq/selenium/selenium-chrome-driver/2.47.1/selenium-chrome-driver-2.47.1.jar:/Users/prasanthi/.m2/repository/org/seleniumhq/selenium/selenium-remote-driver/2.47.1/selenium-remote-driver-2.47.1.jar:/Users/prasanthi/.m2/repository/cglib/cglib-nodep/2.1_3/cglib-nodep-2.1_3.jar:/Users/prasanthi/.m2/repository/com/google/code/gson/gson/2.3.1/gson-2.3.1.jar:/Users/prasanthi/.m2/repository/org/seleniumhq/selenium/selenium-api/2.47.1/selenium-api-2.47.1.jar:/Users/prasanthi/.m2/repository/com/google/guava/guava/18.0/guava-18.0.jar:/Users/prasanthi/.m2/repository/org/seleniumhq/selenium/selenium-edge-driver/2.47.1/selenium-edge-driver-2.47.1.jar:/Users/prasanthi/.m2/repository/commons-io/commons-io/2.4/commons-io-2.4.jar:/Users/prasanthi/.m2/repository/org/apache/commons/commons-exec/1.3/commons-exec-1.3.jar:/Users/prasanthi/.m2/repository/org/seleniumhq/selenium/selenium-htmlunit-driver/2.47.1/selenium-htmlunit-driver-2.47.1.jar:/Users/prasanthi/.m2/repository/net/sourceforge/htmlunit/htmlunit/2.17/htmlunit-2.17.jar:/Users/prasanthi/.m2/repository/xalan/xalan/2.7.2/xalan-2.7.2.jar:/Users/prasanthi/.m2/repository/xalan/serializer/2.7.2/serializer-2.7.2.jar:/Users/prasanthi/.m2/repository/commons-collections/commons-collections/3.2.1/commons-collections-3.2.1.jar:/Users/prasanthi/.m2/repository/org/apache/commons/commons-lang3/3.4/commons-lang3-3.4.jar:/Users/prasanthi/.m2/repository/org/apache/httpcomponents/httpmime/4.4.1/httpmime-4.4.1.jar:/Users/prasanthi/.m2/repository/commons-codec/commons-codec/1.10/commons-codec-1.10.jar:/Users/prasanthi/.m2/repository/net/sourceforge/htmlunit/htmlunit-core-js/2.17/htmlunit-core-js-2.17.jar:/Users/prasanthi/.m2/repository/xerces/xercesImpl/2.11.0/xercesImpl-2.11.0.jar:/Users/prasanthi/.m2/repository/xml-apis/xml-apis/1.4.01/xml-apis-1.4.01.jar:/Users/prasanthi/.m2/repository/net/sourceforge/nekohtml/nekohtml/1.9.22/nekohtml-1.9.22.jar:/Users/prasanthi/.m2/repository/net/sourceforge/cssparser/cssparser/0.9.16/cssparser-0.9.16.jar:/Users/prasanthi/.m2/repository/org/w3c/css/sac/1.3/sac-1.3.jar:/Users/prasanthi/.m2/repository/commons-logging/commons-logging/1.2/commons-logging-1.2.jar:/Users/prasanthi/.m2/repository/org/eclipse/jetty/websocket/websocket-client/9.2.11.v20150529/websocket-client-9.2.11.v20150529.jar:/Users/prasanthi/.m2/repository/org/eclipse/jetty/jetty-util/9.2.11.v20150529/jetty-util-9.2.11.v20150529.jar:/Users/prasanthi/.m2/repository/org/eclipse/jetty/jetty-io/9.2.11.v20150529/jetty-io-9.2.11.v20150529.jar:/Users/prasanthi/.m2/repository/org/eclipse/jetty/websocket/websocket-common/9.2.11.v20150529/websocket-common-9.2.11.v20150529.jar:/Users/prasanthi/.m2/repository/org/eclipse/jetty/websocket/websocket-api/9.2.11.v20150529/websocket-api-9.2.11.v20150529.jar:/Users/prasanthi/.m2/repository/org/apache/httpcomponents/httpclient/4.4.1/httpclient-4.4.1.jar:/Users/prasanthi/.m2/repository/org/apache/httpcomponents/httpcore/4.4.1/httpcore-4.4.1.jar:/Users/prasanthi/.m2/repository/org/seleniumhq/selenium/selenium-firefox-driver/2.47.1/selenium-firefox-driver-2.47.1.jar:/Users/prasanthi/.m2/repository/org/seleniumhq/selenium/selenium-ie-driver/2.47.1/selenium-ie-driver-2.47.1.jar:/Users/prasanthi/.m2/repository/net/java/dev/jna/jna/4.1.0/jna-4.1.0.jar:/Users/prasanthi/.m2/repository/net/java/dev/jna/jna-platform/4.1.0/jna-platform-4.1.0.jar:/Users/prasanthi/.m2/repository/org/seleniumhq/selenium/selenium-safari-driver/2.47.1/selenium-safari-driver-2.47.1.jar:/Users/prasanthi/.m2/repository/org/seleniumhq/selenium/selenium-support/2.47.1/selenium-support-2.47.1.jar:/Users/prasanthi/.m2/repository/org/webbitserver/webbit/0.4.14/webbit-0.4.14.jar:/Users/prasanthi/.m2/repository/io/netty/netty/3.5.2.Final/netty-3.5.2.Final.jar:/Users/prasanthi/.m2/repository/org/seleniumhq/selenium/selenium-leg-rc/2.47.1/selenium-leg-rc-2.47.1.jar:/Users/prasanthi/.m2/repository/io/cucumber/cucumber-java/6.8.1/cucumber-java-6.8.1.jar:/Users/prasanthi/.m2/repository/io/cucumber/cucumber-core/6.8.1/cucumber-core-6.8.1.jar:/Users/prasanthi/.m2/repository/io/cucumber/cucumber-gherkin/6.8.1/cucumber-gherkin-6.8.1.jar:/Users/prasanthi/.m2/repository/io/cucumber/cucumber-gherkin-messages/6.8.1/cucumber-gherkin-messages-6.8.1.jar:/Users/prasanthi/.m2/repository/io/cucumber/messages/13.1.0/messages-13.1.0.jar:/Users/prasanthi/.m2/repository/io/cucumber/tag-expressions/3.0.0/tag-expressions-3.0.0.jar:/Users/prasanthi/.m2/repository/io/cucumber/cucumber-expressions/10.3.0/cucumber-expressions-10.3.0.jar:/Users/prasanthi/.m2/repository/io/cucumber/datatable/3.5.0/datatable-3.5.0.jar:/Users/prasanthi/.m2/repository/io/cucumber/cucumber-plugin/6.8.1/cucumber-plugin-6.8.1.jar:/Users/prasanthi/.m2/repository/io/cucumber/docstring/6.8.1/docstring-6.8.1.jar:/Users/prasanthi/.m2/repository/io/cucumber/html-formatter/9.0.0/html-formatter-9.0.0.jar:/Users/prasanthi/.m2/repository/io/cucumber/create-meta/2.0.2/create-meta-2.0.2.jar:/Users/prasanthi/.m2/repository/org/apiguardian/apiguardian-api/1.1.0/apiguardian-api-1.1.0.jar:/Users/prasanthi/.m2/repository/info/cukes/cucumber-jvm-deps/1.0.5/cucumber-jvm-deps-1.0.5.jar:/Users/prasanthi/.m2/repository/io/cucumber/cucumber-junit/6.8.1/cucumber-junit-6.8.1.jar:"/>
    <property name="sun.cpu.endian" value="little"/>
    <property name="user.home" value="/Users/prasanthi"/>
    <property name="user.language" value="en"/>
    <property name="java.specification.vendor" value="Oracle Corporation"/>
    <property name="java.version.date" value="2020-10-20"/>
    <property name="java.home" value="/Library/Java/JavaVirtualMachines/jdk-15.0.1.jdk/Contents/Home"/>
    <property name="file.separator" value="/"/>
    <property name="basedir" value="/Users/prasanthi/eclipse-workspace/Pestroutes-test"/>
    <property name="java.vm.compressedOopsMode" value="Zero based"/>
    <property name="line.separator" value="&#10;"/>
    <property name="java.specification.name" value="Java Platform API Specification"/>
    <property name="java.vm.specification.vendor" value="Oracle Corporation"/>
    <property name="surefire.real.class.path" value="/Users/prasanthi/eclipse-workspace/Pestroutes-test/target/surefire/surefirebooter5916700177728219250.jar"/>
    <property name="sun.management.compiler" value="HotSpot 64-Bit Tiered Compilers"/>
    <property name="ftp.nonProxyHosts" value="local|*.local|169.254/16|*.169.254/16"/>
    <property name="java.runtime.version" value="15.0.1+9-18"/>
    <property name="user.name" value="prasanthi"/>
    <property name="path.separator" value=":"/>
    <property name="os.version" value="10.15.7"/>
    <property name="java.runtime.name" value="Java(TM) SE Runtime Environment"/>
    <property name="file.encoding" value="UTF-8"/>
    <property name="java.vm.name" value="Java HotSpot(TM) 64-Bit Server VM"/>
    <property name="localRepository" value="/Users/prasanthi/.m2/repository"/>
    <property name="java.vendor.url.bug" value="https://bugreport.java.com/bugreport/"/>
    <property name="java.io.tmpdir" value="/var/folders/zk/x2syd3kn48vcbzzzdj8cdf8r0000gn/T/"/>
    <property name="java.version" value="15.0.1"/>
    <property name="user.dir" value="/Users/prasanthi/eclipse-workspace/Pestroutes-test"/>
    <property name="os.arch" value="x86_64"/>
    <property name="java.vm.specification.name" value="Java Virtual Machine Specification"/>
    <property name="java.library.path" value="/Users/prasanthi/Library/Java/Extensions:/Library/Java/Extensions:/Network/Library/Java/Extensions:/System/Library/Java/Extensions:/usr/lib/java:."/>
    <property name="java.vm.info" value="mixed mode, sharing"/>
    <property name="java.vendor" value="Oracle Corporation"/>
    <property name="java.vm.version" value="15.0.1+9-18"/>
    <property name="sun.io.unicode.encoding" value="UnicodeBig"/>
    <property name="socksNonProxyHosts" value="local|*.local|169.254/16|*.169.254/16"/>
    <property name="java.class.version" value="59.0"/>
  </properties>
  <testcase name="Validate customer creation" classname="Customer creation" time="9.92"/>
</testsuite>